app/build/intermediates/manifest_merge_blame_file/debug/processDebugMainManifest/manifest-merger-blame-debug-report.txt
1<?xml version="1.0" encoding="utf-8"?>
2<manifest xmlns:android="http://schemas.android.com/apk/res/android"
3    package="com.napsafe.app"
4    android:versionCode="1"
5    android:versionName="1.0" >
6
7    <uses-sdk
8        android:minSdkVersion="24"
9        android:targetSdkVersion="35" />
10
11    <!-- Location permissions -->
12    <uses-permission android:name="android.permission.ACCESS_FINE_LOCATION" />
12-->src/main/AndroidManifest.xml:6:5-79
12-->src/main/AndroidManifest.xml:6:22-76
13    <uses-permission android:name="android.permission.ACCESS_COARSE_LOCATION" />
13-->src/main/AndroidManifest.xml:7:5-81
13-->src/main/AndroidManifest.xml:7:22-78
14    <uses-permission android:name="android.permission.ACCESS_BACKGROUND_LOCATION" />
14-->src/main/AndroidManifest.xml:8:5-85
14-->src/main/AndroidManifest.xml:8:22-82
15
16    <!-- Notification permissions -->
17    <uses-permission android:name="android.permission.POST_NOTIFICATIONS" />
17-->src/main/AndroidManifest.xml:11:5-77
17-->src/main/AndroidManifest.xml:11:22-74
18    <uses-permission android:name="android.permission.VIBRATE" />
18-->src/main/AndroidManifest.xml:12:5-66
18-->src/main/AndroidManifest.xml:12:22-63
19    <uses-permission android:name="android.permission.WAKE_LOCK" />
19-->src/main/AndroidManifest.xml:13:5-68
19-->src/main/AndroidManifest.xml:13:22-65
20
21    <!-- Internet for maps -->
22    <uses-permission android:name="android.permission.INTERNET" />
22-->src/main/AndroidManifest.xml:16:5-67
22-->src/main/AndroidManifest.xml:16:22-64
23    <uses-permission android:name="android.permission.ACCESS_NETWORK_STATE" />
23-->src/main/AndroidManifest.xml:17:5-79
23-->src/main/AndroidManifest.xml:17:22-76
24    <uses-permission android:name="android.permission.ACCESS_WIFI_STATE" />
24-->[com.google.android.libraries.places:places:4.3.1] AndroidManifest.xml:13:5-76
24-->[com.google.android.libraries.places:places:4.3.1] AndroidManifest.xml:13:22-73
25
26    <uses-feature
26-->[com.google.android.gms:play-services-maps:19.2.0] AndroidManifest.xml:22:5-24:33
27        android:glEsVersion="0x00020000"
27-->[com.google.android.gms:play-services-maps:19.2.0] AndroidManifest.xml:23:8-40
28        android:required="true" />
28-->[com.google.android.gms:play-services-maps:19.2.0] AndroidManifest.xml:24:8-31
29
30    <queries>
30-->[com.google.android.gms:play-services-maps:19.2.0] AndroidManifest.xml:27:5-30:15
31
32        <!-- Needs to be explicitly declared on Android R+ -->
33        <package android:name="com.google.android.apps.maps" />
33-->[com.google.android.gms:play-services-maps:19.2.0] AndroidManifest.xml:29:7-61
33-->[com.google.android.gms:play-services-maps:19.2.0] AndroidManifest.xml:29:16-59
34    </queries>
35
36    <uses-permission android:name="android.permission.RECEIVE_BOOT_COMPLETED" />
36-->[androidx.work:work-runtime:2.10.2] AndroidManifest.xml:25:5-81
36-->[androidx.work:work-runtime:2.10.2] AndroidManifest.xml:25:22-78
37    <uses-permission android:name="android.permission.FOREGROUND_SERVICE" />
37-->[androidx.work:work-runtime:2.10.2] AndroidManifest.xml:26:5-77
37-->[androidx.work:work-runtime:2.10.2] AndroidManifest.xml:26:22-74
38
39    <permission
39-->[androidx.core:core:1.16.0] AndroidManifest.xml:22:5-24:47
40        android:name="com.napsafe.app.DYNAMIC_RECEIVER_NOT_EXPORTED_PERMISSION"
40-->[androidx.core:core:1.16.0] AndroidManifest.xml:23:9-81
41        android:protectionLevel="signature" />
41-->[androidx.core:core:1.16.0] AndroidManifest.xml:24:9-44
42
43    <uses-permission android:name="com.napsafe.app.DYNAMIC_RECEIVER_NOT_EXPORTED_PERMISSION" />
43-->[androidx.core:core:1.16.0] AndroidManifest.xml:26:5-97
43-->[androidx.core:core:1.16.0] AndroidManifest.xml:26:22-94
44
45    <application
45-->src/main/AndroidManifest.xml:19:5-62:19
46        android:name="com.napsafe.app.NapSafeApplication"
46-->src/main/AndroidManifest.xml:20:9-43
47        android:allowBackup="true"
47-->src/main/AndroidManifest.xml:21:9-35
48        android:appComponentFactory="androidx.core.app.CoreComponentFactory"
48-->[androidx.core:core:1.16.0] AndroidManifest.xml:28:18-86
49        android:dataExtractionRules="@xml/data_extraction_rules"
49-->src/main/AndroidManifest.xml:22:9-65
50        android:debuggable="true"
51        android:extractNativeLibs="false"
52        android:fullBackupContent="@xml/backup_rules"
52-->src/main/AndroidManifest.xml:23:9-54
53        android:icon="@mipmap/ic_launcher"
53-->src/main/AndroidManifest.xml:24:9-43
54        android:label="@string/app_name"
54-->src/main/AndroidManifest.xml:25:9-41
55        android:roundIcon="@mipmap/ic_launcher_round"
55-->src/main/AndroidManifest.xml:26:9-54
56        android:supportsRtl="true"
56-->src/main/AndroidManifest.xml:27:9-35
57        android:testOnly="true"
58        android:theme="@style/Theme.LocationAlarm.Splash" >
58-->src/main/AndroidManifest.xml:28:9-58
59
60        <!-- Google Maps API Key -->
61        <meta-data
62            android:name="com.google.android.geo.API_KEY"
62-->src/main/AndroidManifest.xml:33:13-58
63            android:value="AIzaSyANlPWqMCOOPdBkKPk2JM3F7JYVZ8hbOFs" />
63-->src/main/AndroidManifest.xml:34:13-44
64
65        <!-- FIXED: Activity with splash screen theme to prevent white screen -->
66        <activity
66-->src/main/AndroidManifest.xml:37:9-47:20
67            android:name="com.napsafe.app.MainActivity"
67-->src/main/AndroidManifest.xml:38:13-41
68            android:exported="true"
68-->src/main/AndroidManifest.xml:39:13-36
69            android:launchMode="singleTop"
69-->src/main/AndroidManifest.xml:42:13-43
70            android:screenOrientation="portrait"
70-->src/main/AndroidManifest.xml:41:13-49
71            android:theme="@style/Theme.LocationAlarm.Splash" >
71-->src/main/AndroidManifest.xml:40:13-62
72            <intent-filter>
72-->src/main/AndroidManifest.xml:43:13-46:29
73                <action android:name="android.intent.action.MAIN" />
73-->src/main/AndroidManifest.xml:44:17-69
73-->src/main/AndroidManifest.xml:44:25-66
74
75                <category android:name="android.intent.category.LAUNCHER" />
75-->src/main/AndroidManifest.xml:45:17-77
75-->src/main/AndroidManifest.xml:45:27-74
76            </intent-filter>
77        </activity>
78
79        <!-- Background location service -->
80        <service
80-->src/main/AndroidManifest.xml:50:9-54:56
81            android:name="com.napsafe.app.service.LocationTrackingService"
81-->src/main/AndroidManifest.xml:51:13-60
82            android:enabled="true"
82-->src/main/AndroidManifest.xml:52:13-35
83            android:exported="false"
83-->src/main/AndroidManifest.xml:53:13-37
84            android:foregroundServiceType="location" />
84-->src/main/AndroidManifest.xml:54:13-53
85
86        <!-- Geofence broadcast receiver -->
87        <receiver
87-->src/main/AndroidManifest.xml:57:9-60:40
88            android:name="com.napsafe.app.receiver.GeofenceBroadcastReceiver"
88-->src/main/AndroidManifest.xml:58:13-63
89            android:enabled="true"
89-->src/main/AndroidManifest.xml:59:13-35
90            android:exported="false" />
90-->src/main/AndroidManifest.xml:60:13-37
91
92        <activity
92-->[com.google.android.libraries.places:places:4.3.1] AndroidManifest.xml:17:9-23:20
93            android:name="com.google.android.libraries.places.widget.AutocompleteActivity"
93-->[com.google.android.libraries.places:places:4.3.1] AndroidManifest.xml:18:13-91
94            android:exported="false"
94-->[com.google.android.libraries.places:places:4.3.1] AndroidManifest.xml:19:13-37
95            android:label="@string/places_autocomplete_label"
95-->[com.google.android.libraries.places:places:4.3.1] AndroidManifest.xml:20:13-62
96            android:theme="@style/PlacesAutocompleteOverlay"
96-->[com.google.android.libraries.places:places:4.3.1] AndroidManifest.xml:21:13-61
97            android:windowSoftInputMode="adjustResize" >
97-->[com.google.android.libraries.places:places:4.3.1] AndroidManifest.xml:22:13-55
98        </activity>
99        <activity
99-->[com.google.android.libraries.places:places:4.3.1] AndroidManifest.xml:24:9-29:20
100            android:name="com.google.android.libraries.places.widget.PlaceAutocompleteActivity"
100-->[com.google.android.libraries.places:places:4.3.1] AndroidManifest.xml:25:13-96
101            android:exported="false"
101-->[com.google.android.libraries.places:places:4.3.1] AndroidManifest.xml:26:13-37
102            android:theme="@style/AutocompleteFullscreen"
102-->[com.google.android.libraries.places:places:4.3.1] AndroidManifest.xml:27:13-58
103            android:windowSoftInputMode="adjustResize" >
103-->[com.google.android.libraries.places:places:4.3.1] AndroidManifest.xml:28:13-55
104        </activity> <!-- Needs to be explicitly declared on P+ -->
105        <uses-library
105-->[com.google.android.gms:play-services-maps:19.2.0] AndroidManifest.xml:33:7-86
106            android:name="org.apache.http.legacy"
106-->[com.google.android.gms:play-services-maps:19.2.0] AndroidManifest.xml:33:21-58
107            android:required="false" />
107-->[com.google.android.gms:play-services-maps:19.2.0] AndroidManifest.xml:33:59-83
108
109        <activity
109-->[com.google.android.gms:play-services-base:18.5.0] AndroidManifest.xml:5:9-173
110            android:name="com.google.android.gms.common.api.GoogleApiActivity"
110-->[com.google.android.gms:play-services-base:18.5.0] AndroidManifest.xml:5:19-85
111            android:exported="false"
111-->[com.google.android.gms:play-services-base:18.5.0] AndroidManifest.xml:5:146-170
112            android:theme="@android:style/Theme.Translucent.NoTitleBar" />
112-->[com.google.android.gms:play-services-base:18.5.0] AndroidManifest.xml:5:86-145
113
114        <service
114-->[androidx.room:room-runtime-android:2.7.2] AndroidManifest.xml:24:9-28:63
115            android:name="androidx.room.MultiInstanceInvalidationService"
115-->[androidx.room:room-runtime-android:2.7.2] AndroidManifest.xml:25:13-74
116            android:directBootAware="true"
116-->[androidx.room:room-runtime-android:2.7.2] AndroidManifest.xml:26:13-43
117            android:exported="false" />
117-->[androidx.room:room-runtime-android:2.7.2] AndroidManifest.xml:27:13-37
118
119        <provider
119-->[androidx.work:work-runtime:2.10.2] AndroidManifest.xml:29:9-37:20
120            android:name="androidx.startup.InitializationProvider"
120-->[androidx.work:work-runtime:2.10.2] AndroidManifest.xml:30:13-67
121            android:authorities="com.napsafe.app.androidx-startup"
121-->[androidx.work:work-runtime:2.10.2] AndroidManifest.xml:31:13-68
122            android:exported="false" >
122-->[androidx.work:work-runtime:2.10.2] AndroidManifest.xml:32:13-37
123            <meta-data
123-->[androidx.work:work-runtime:2.10.2] AndroidManifest.xml:34:13-36:52
124                android:name="androidx.work.WorkManagerInitializer"
124-->[androidx.work:work-runtime:2.10.2] AndroidManifest.xml:35:17-68
125                android:value="androidx.startup" />
125-->[androidx.work:work-runtime:2.10.2] AndroidManifest.xml:36:17-49
126            <meta-data
126-->[androidx.emoji2:emoji2:1.4.0] AndroidManifest.xml:29:13-31:52
127                android:name="androidx.emoji2.text.EmojiCompatInitializer"
127-->[androidx.emoji2:emoji2:1.4.0] AndroidManifest.xml:30:17-75
128                android:value="androidx.startup" />
128-->[androidx.emoji2:emoji2:1.4.0] AndroidManifest.xml:31:17-49
129            <meta-data
129-->[androidx.lifecycle:lifecycle-process:2.9.1] AndroidManifest.xml:29:13-31:52
130                android:name="androidx.lifecycle.ProcessLifecycleInitializer"
130-->[androidx.lifecycle:lifecycle-process:2.9.1] AndroidManifest.xml:30:17-78
131                android:value="androidx.startup" />
131-->[androidx.lifecycle:lifecycle-process:2.9.1] AndroidManifest.xml:31:17-49
132            <meta-data
132-->[androidx.profileinstaller:profileinstaller:1.4.0] AndroidManifest.xml:29:13-31:52
133                android:name="androidx.profileinstaller.ProfileInstallerInitializer"
133-->[androidx.profileinstaller:profileinstaller:1.4.0] AndroidManifest.xml:30:17-85
134                android:value="androidx.startup" />
134-->[androidx.profileinstaller:profileinstaller:1.4.0] AndroidManifest.xml:31:17-49
135        </provider>
136
137        <service
137-->[androidx.work:work-runtime:2.10.2] AndroidManifest.xml:39:9-45:35
138            android:name="androidx.work.impl.background.systemalarm.SystemAlarmService"
138-->[androidx.work:work-runtime:2.10.2] AndroidManifest.xml:40:13-88
139            android:directBootAware="false"
139-->[androidx.work:work-runtime:2.10.2] AndroidManifest.xml:41:13-44
140            android:enabled="@bool/enable_system_alarm_service_default"
140-->[androidx.work:work-runtime:2.10.2] AndroidManifest.xml:42:13-72
141            android:exported="false" />
141-->[androidx.work:work-runtime:2.10.2] AndroidManifest.xml:43:13-37
142        <service
142-->[androidx.work:work-runtime:2.10.2] AndroidManifest.xml:46:9-52:35
143            android:name="androidx.work.impl.background.systemjob.SystemJobService"
143-->[androidx.work:work-runtime:2.10.2] AndroidManifest.xml:47:13-84
144            android:directBootAware="false"
144-->[androidx.work:work-runtime:2.10.2] AndroidManifest.xml:48:13-44
145            android:enabled="@bool/enable_system_job_service_default"
145-->[androidx.work:work-runtime:2.10.2] AndroidManifest.xml:49:13-70
146            android:exported="true"
146-->[androidx.work:work-runtime:2.10.2] AndroidManifest.xml:50:13-36
147            android:permission="android.permission.BIND_JOB_SERVICE" />
147-->[androidx.work:work-runtime:2.10.2] AndroidManifest.xml:51:13-69
148        <service
148-->[androidx.work:work-runtime:2.10.2] AndroidManifest.xml:53:9-59:35
149            android:name="androidx.work.impl.foreground.SystemForegroundService"
149-->[androidx.work:work-runtime:2.10.2] AndroidManifest.xml:54:13-81
150            android:directBootAware="false"
150-->[androidx.work:work-runtime:2.10.2] AndroidManifest.xml:55:13-44
151            android:enabled="@bool/enable_system_foreground_service_default"
151-->[androidx.work:work-runtime:2.10.2] AndroidManifest.xml:56:13-77
152            android:exported="false" />
152-->[androidx.work:work-runtime:2.10.2] AndroidManifest.xml:57:13-37
153
154        <receiver
154-->[androidx.work:work-runtime:2.10.2] AndroidManifest.xml:61:9-66:35
155            android:name="androidx.work.impl.utils.ForceStopRunnable$BroadcastReceiver"
155-->[androidx.work:work-runtime:2.10.2] AndroidManifest.xml:62:13-88
156            android:directBootAware="false"
156-->[androidx.work:work-runtime:2.10.2] AndroidManifest.xml:63:13-44
157            android:enabled="true"
157-->[androidx.work:work-runtime:2.10.2] AndroidManifest.xml:64:13-35
158            android:exported="false" />
158-->[androidx.work:work-runtime:2.10.2] AndroidManifest.xml:65:13-37
159        <receiver
159-->[androidx.work:work-runtime:2.10.2] AndroidManifest.xml:67:9-77:20
160            android:name="androidx.work.impl.background.systemalarm.ConstraintProxy$BatteryChargingProxy"
160-->[androidx.work:work-runtime:2.10.2] AndroidManifest.xml:68:13-106
161            android:directBootAware="false"
161-->[androidx.work:work-runtime:2.10.2] AndroidManifest.xml:69:13-44
162            android:enabled="false"
162-->[androidx.work:work-runtime:2.10.2] AndroidManifest.xml:70:13-36
163            android:exported="false" >
163-->[androidx.work:work-runtime:2.10.2] AndroidManifest.xml:71:13-37
164            <intent-filter>
164-->[androidx.work:work-runtime:2.10.2] AndroidManifest.xml:73:13-76:29
165                <action android:name="android.intent.action.ACTION_POWER_CONNECTED" />
165-->[androidx.work:work-runtime:2.10.2] AndroidManifest.xml:74:17-87
165-->[androidx.work:work-runtime:2.10.2] AndroidManifest.xml:74:25-84
166                <action android:name="android.intent.action.ACTION_POWER_DISCONNECTED" />
166-->[androidx.work:work-runtime:2.10.2] AndroidManifest.xml:75:17-90
166-->[androidx.work:work-runtime:2.10.2] AndroidManifest.xml:75:25-87
167            </intent-filter>
168        </receiver>
169        <receiver
169-->[androidx.work:work-runtime:2.10.2] AndroidManifest.xml:78:9-88:20
170            android:name="androidx.work.impl.background.systemalarm.ConstraintProxy$BatteryNotLowProxy"
170-->[androidx.work:work-runtime:2.10.2] AndroidManifest.xml:79:13-104
171            android:directBootAware="false"
171-->[androidx.work:work-runtime:2.10.2] AndroidManifest.xml:80:13-44
172            android:enabled="false"
172-->[androidx.work:work-runtime:2.10.2] AndroidManifest.xml:81:13-36
173            android:exported="false" >
173-->[androidx.work:work-runtime:2.10.2] AndroidManifest.xml:82:13-37
174            <intent-filter>
174-->[androidx.work:work-runtime:2.10.2] AndroidManifest.xml:84:13-87:29
175                <action android:name="android.intent.action.BATTERY_OKAY" />
175-->[androidx.work:work-runtime:2.10.2] AndroidManifest.xml:85:17-77
175-->[androidx.work:work-runtime:2.10.2] AndroidManifest.xml:85:25-74
176                <action android:name="android.intent.action.BATTERY_LOW" />
176-->[androidx.work:work-runtime:2.10.2] AndroidManifest.xml:86:17-76
176-->[androidx.work:work-runtime:2.10.2] AndroidManifest.xml:86:25-73
177            </intent-filter>
178        </receiver>
179        <receiver
179-->[androidx.work:work-runtime:2.10.2] AndroidManifest.xml:89:9-99:20
180            android:name="androidx.work.impl.background.systemalarm.ConstraintProxy$StorageNotLowProxy"
180-->[androidx.work:work-runtime:2.10.2] AndroidManifest.xml:90:13-104
181            android:directBootAware="false"
181-->[androidx.work:work-runtime:2.10.2] AndroidManifest.xml:91:13-44
182            android:enabled="false"
182-->[androidx.work:work-runtime:2.10.2] AndroidManifest.xml:92:13-36
183            android:exported="false" >
183-->[androidx.work:work-runtime:2.10.2] AndroidManifest.xml:93:13-37
184            <intent-filter>
184-->[androidx.work:work-runtime:2.10.2] AndroidManifest.xml:95:13-98:29
185                <action android:name="android.intent.action.DEVICE_STORAGE_LOW" />
185-->[androidx.work:work-runtime:2.10.2] AndroidManifest.xml:96:17-83
185-->[androidx.work:work-runtime:2.10.2] AndroidManifest.xml:96:25-80
186                <action android:name="android.intent.action.DEVICE_STORAGE_OK" />
186-->[androidx.work:work-runtime:2.10.2] AndroidManifest.xml:97:17-82
186-->[androidx.work:work-runtime:2.10.2] AndroidManifest.xml:97:25-79
187            </intent-filter>
188        </receiver>
189        <receiver
189-->[androidx.work:work-runtime:2.10.2] AndroidManifest.xml:100:9-109:20
190            android:name="androidx.work.impl.background.systemalarm.ConstraintProxy$NetworkStateProxy"
190-->[androidx.work:work-runtime:2.10.2] AndroidManifest.xml:101:13-103
191            android:directBootAware="false"
191-->[androidx.work:work-runtime:2.10.2] AndroidManifest.xml:102:13-44
192            android:enabled="false"
192-->[androidx.work:work-runtime:2.10.2] AndroidManifest.xml:103:13-36
193            android:exported="false" >
193-->[androidx.work:work-runtime:2.10.2] AndroidManifest.xml:104:13-37
194            <intent-filter>
194-->[androidx.work:work-runtime:2.10.2] AndroidManifest.xml:106:13-108:29
195                <action android:name="android.net.conn.CONNECTIVITY_CHANGE" />
195-->[androidx.work:work-runtime:2.10.2] AndroidManifest.xml:107:17-79
195-->[androidx.work:work-runtime:2.10.2] AndroidManifest.xml:107:25-76
196            </intent-filter>
197        </receiver>
198        <receiver
198-->[androidx.work:work-runtime:2.10.2] AndroidManifest.xml:110:9-121:20
199            android:name="androidx.work.impl.background.systemalarm.RescheduleReceiver"
199-->[androidx.work:work-runtime:2.10.2] AndroidManifest.xml:111:13-88
200            android:directBootAware="false"
200-->[androidx.work:work-runtime:2.10.2] AndroidManifest.xml:112:13-44
201            android:enabled="false"
201-->[androidx.work:work-runtime:2.10.2] AndroidManifest.xml:113:13-36
202            android:exported="false" >
202-->[androidx.work:work-runtime:2.10.2] AndroidManifest.xml:114:13-37
203            <intent-filter>
203-->[androidx.work:work-runtime:2.10.2] AndroidManifest.xml:116:13-120:29
204                <action android:name="android.intent.action.BOOT_COMPLETED" />
204-->[androidx.work:work-runtime:2.10.2] AndroidManifest.xml:117:17-79
204-->[androidx.work:work-runtime:2.10.2] AndroidManifest.xml:117:25-76
205                <action android:name="android.intent.action.TIME_SET" />
205-->[androidx.work:work-runtime:2.10.2] AndroidManifest.xml:118:17-73
205-->[androidx.work:work-runtime:2.10.2] AndroidManifest.xml:118:25-70
206                <action android:name="android.intent.action.TIMEZONE_CHANGED" />
206-->[androidx.work:work-runtime:2.10.2] AndroidManifest.xml:119:17-81
206-->[androidx.work:work-runtime:2.10.2] AndroidManifest.xml:119:25-78
207            </intent-filter>
208        </receiver>
209        <receiver
209-->[androidx.work:work-runtime:2.10.2] AndroidManifest.xml:122:9-131:20
210            android:name="androidx.work.impl.background.systemalarm.ConstraintProxyUpdateReceiver"
210-->[androidx.work:work-runtime:2.10.2] AndroidManifest.xml:123:13-99
211            android:directBootAware="false"
211-->[androidx.work:work-runtime:2.10.2] AndroidManifest.xml:124:13-44
212            android:enabled="@bool/enable_system_alarm_service_default"
212-->[androidx.work:work-runtime:2.10.2] AndroidManifest.xml:125:13-72
213            android:exported="false" >
213-->[androidx.work:work-runtime:2.10.2] AndroidManifest.xml:126:13-37
214            <intent-filter>
214-->[androidx.work:work-runtime:2.10.2] AndroidManifest.xml:128:13-130:29
215                <action android:name="androidx.work.impl.background.systemalarm.UpdateProxies" />
215-->[androidx.work:work-runtime:2.10.2] AndroidManifest.xml:129:17-98
215-->[androidx.work:work-runtime:2.10.2] AndroidManifest.xml:129:25-95
216            </intent-filter>
217        </receiver>
218        <receiver
218-->[androidx.work:work-runtime:2.10.2] AndroidManifest.xml:132:9-142:20
219            android:name="androidx.work.impl.diagnostics.DiagnosticsReceiver"
219-->[androidx.work:work-runtime:2.10.2] AndroidManifest.xml:133:13-78
220            android:directBootAware="false"
220-->[androidx.work:work-runtime:2.10.2] AndroidManifest.xml:134:13-44
221            android:enabled="true"
221-->[androidx.work:work-runtime:2.10.2] AndroidManifest.xml:135:13-35
222            android:exported="true"
222-->[androidx.work:work-runtime:2.10.2] AndroidManifest.xml:136:13-36
223            android:permission="android.permission.DUMP" >
223-->[androidx.work:work-runtime:2.10.2] AndroidManifest.xml:137:13-57
224            <intent-filter>
224-->[androidx.work:work-runtime:2.10.2] AndroidManifest.xml:139:13-141:29
225                <action android:name="androidx.work.diagnostics.REQUEST_DIAGNOSTICS" />
225-->[androidx.work:work-runtime:2.10.2] AndroidManifest.xml:140:17-88
225-->[androidx.work:work-runtime:2.10.2] AndroidManifest.xml:140:25-85
226            </intent-filter>
227        </receiver>
228
229        <activity
229-->[androidx.compose.ui:ui-tooling-android:1.8.3] AndroidManifest.xml:23:9-25:39
230            android:name="androidx.compose.ui.tooling.PreviewActivity"
230-->[androidx.compose.ui:ui-tooling-android:1.8.3] AndroidManifest.xml:24:13-71
231            android:exported="true" />
231-->[androidx.compose.ui:ui-tooling-android:1.8.3] AndroidManifest.xml:25:13-36
232
233        <meta-data
233-->[com.google.android.gms:play-services-basement:18.4.0] AndroidManifest.xml:6:9-122
234            android:name="com.google.android.gms.version"
234-->[com.google.android.gms:play-services-basement:18.4.0] AndroidManifest.xml:6:20-65
235            android:value="@integer/google_play_services_version" />
235-->[com.google.android.gms:play-services-basement:18.4.0] AndroidManifest.xml:6:66-119
236
237        <activity
237-->[androidx.compose.ui:ui-test-manifest:1.8.3] AndroidManifest.xml:23:9-26:79
238            android:name="androidx.activity.ComponentActivity"
238-->[androidx.compose.ui:ui-test-manifest:1.8.3] AndroidManifest.xml:24:13-63
239            android:exported="true"
239-->[androidx.compose.ui:ui-test-manifest:1.8.3] AndroidManifest.xml:25:13-36
240            android:theme="@android:style/Theme.Material.Light.NoActionBar" />
240-->[androidx.compose.ui:ui-test-manifest:1.8.3] AndroidManifest.xml:26:13-76
241
242        <receiver
242-->[androidx.profileinstaller:profileinstaller:1.4.0] AndroidManifest.xml:34:9-52:20
243            android:name="androidx.profileinstaller.ProfileInstallReceiver"
243-->[androidx.profileinstaller:profileinstaller:1.4.0] AndroidManifest.xml:35:13-76
244            android:directBootAware="false"
244-->[androidx.profileinstaller:profileinstaller:1.4.0] AndroidManifest.xml:36:13-44
245            android:enabled="true"
245-->[androidx.profileinstaller:profileinstaller:1.4.0] AndroidManifest.xml:37:13-35
246            android:exported="true"
246-->[androidx.profileinstaller:profileinstaller:1.4.0] AndroidManifest.xml:38:13-36
247            android:permission="android.permission.DUMP" >
247-->[androidx.profileinstaller:profileinstaller:1.4.0] AndroidManifest.xml:39:13-57
248            <intent-filter>
248-->[androidx.profileinstaller:profileinstaller:1.4.0] AndroidManifest.xml:40:13-42:29
249                <action android:name="androidx.profileinstaller.action.INSTALL_PROFILE" />
249-->[androidx.profileinstaller:profileinstaller:1.4.0] AndroidManifest.xml:41:17-91
249-->[androidx.profileinstaller:profileinstaller:1.4.0] AndroidManifest.xml:41:25-88
250            </intent-filter>
251            <intent-filter>
251-->[androidx.profileinstaller:profileinstaller:1.4.0] AndroidManifest.xml:43:13-45:29
252                <action android:name="androidx.profileinstaller.action.SKIP_FILE" />
252-->[androidx.profileinstaller:profileinstaller:1.4.0] AndroidManifest.xml:44:17-85
252-->[androidx.profileinstaller:profileinstaller:1.4.0] AndroidManifest.xml:44:25-82
253            </intent-filter>
254            <intent-filter>
254-->[androidx.profileinstaller:profileinstaller:1.4.0] AndroidManifest.xml:46:13-48:29
255                <action android:name="androidx.profileinstaller.action.SAVE_PROFILE" />
255-->[androidx.profileinstaller:profileinstaller:1.4.0] AndroidManifest.xml:47:17-88
255-->[androidx.profileinstaller:profileinstaller:1.4.0] AndroidManifest.xml:47:25-85
256            </intent-filter>
257            <intent-filter>
257-->[androidx.profileinstaller:profileinstaller:1.4.0] AndroidManifest.xml:49:13-51:29
258                <action android:name="androidx.profileinstaller.action.BENCHMARK_OPERATION" />
258-->[androidx.profileinstaller:profileinstaller:1.4.0] AndroidManifest.xml:50:17-95
258-->[androidx.profileinstaller:profileinstaller:1.4.0] AndroidManifest.xml:50:25-92
259            </intent-filter>
260        </receiver>
261
262        <service
262-->[com.google.android.datatransport:transport-backend-cct:3.2.0] AndroidManifest.xml:26:9-32:19
263            android:name="com.google.android.datatransport.runtime.backends.TransportBackendDiscovery"
263-->[com.google.android.datatransport:transport-backend-cct:3.2.0] AndroidManifest.xml:27:13-103
264            android:exported="false" >
264-->[com.google.android.datatransport:transport-backend-cct:3.2.0] AndroidManifest.xml:28:13-37
265            <meta-data
265-->[com.google.android.datatransport:transport-backend-cct:3.2.0] AndroidManifest.xml:29:13-31:39
266                android:name="backend:com.google.android.datatransport.cct.CctBackendFactory"
266-->[com.google.android.datatransport:transport-backend-cct:3.2.0] AndroidManifest.xml:30:17-94
267                android:value="cct" />
267-->[com.google.android.datatransport:transport-backend-cct:3.2.0] AndroidManifest.xml:31:17-36
268        </service>
269        <service
269-->[com.google.android.datatransport:transport-runtime:3.2.0] AndroidManifest.xml:24:9-28:19
270            android:name="com.google.android.datatransport.runtime.scheduling.jobscheduling.JobInfoSchedulerService"
270-->[com.google.android.datatransport:transport-runtime:3.2.0] AndroidManifest.xml:25:13-117
271            android:exported="false"
271-->[com.google.android.datatransport:transport-runtime:3.2.0] AndroidManifest.xml:26:13-37
272            android:permission="android.permission.BIND_JOB_SERVICE" >
272-->[com.google.android.datatransport:transport-runtime:3.2.0] AndroidManifest.xml:27:13-69
273        </service>
274
275        <receiver
275-->[com.google.android.datatransport:transport-runtime:3.2.0] AndroidManifest.xml:30:9-32:40
276            android:name="com.google.android.datatransport.runtime.scheduling.jobscheduling.AlarmManagerSchedulerBroadcastReceiver"
276-->[com.google.android.datatransport:transport-runtime:3.2.0] AndroidManifest.xml:31:13-132
277            android:exported="false" />
277-->[com.google.android.datatransport:transport-runtime:3.2.0] AndroidManifest.xml:32:13-37
278    </application>
279
280</manifest>